<?xml version="1.0" encoding="UTF-8"?>
<!-- Generated by org.testng.reporters.JUnitReportReporter -->
<testsuite hostname="DESKTOP-KDRQDOD" failures="0" tests="2" name="com.Rest_Api.web.runner.RunTestNGTest" time="10.979" errors="0" timestamp="2023-01-30T19:05:08 IST" skipped="0">
  <testcase classname="com.Rest_Api.web.runner.RunTestNGTest" name="feature" time="10.100"/>
  <system-out/>
  <testcase classname="com.Rest_Api.web.runner.RunTestNGTest" name="feature" time="0.879"/>
  <system-out/>
</testsuite> <!-- com.Rest_Api.web.runner.RunTestNGTest -->
